TN:
SF:src/app/Launcher.ts
FN:7,(anonymous_0)
FN:10,(anonymous_1)
FNF:2
FNH:2
FNDA:3,(anonymous_0)
FNDA:1,(anonymous_1)
DA:1,1
DA:3,1
DA:8,3
DA:11,1
DA:16,1
LF:5
LH:5
BRF:0
BRH:0
end_of_record
TN:
SF:src/app/Authorization/Authorizer.ts
FN:11,(anonymous_7)
FN:18,(anonymous_8)
FN:37,(anonymous_10)
FN:55,(anonymous_12)
FN:59,(anonymous_13)
FNF:5
FNH:4
FNDA:3,(anonymous_7)
FNDA:1,(anonymous_8)
FNDA:0,(anonymous_10)
FNDA:1,(anonymous_12)
FNDA:1,(anonymous_13)
DA:1,2
DA:2,2
DA:3,2
DA:6,2
DA:14,3
DA:15,3
DA:19,1
DA:22,1
DA:23,1
DA:30,1
DA:31,1
DA:33,0
DA:38,0
DA:39,0
DA:40,0
DA:44,0
DA:45,0
DA:49,0
DA:56,1
DA:60,1
LF:20
LH:13
BRDA:11,0,0,1
BRDA:12,1,0,1
BRDA:22,2,0,1
BRDA:22,2,1,0
BRDA:39,3,0,0
BRDA:39,3,1,0
BRDA:39,4,0,0
BRDA:39,4,1,0
BRDA:44,5,0,0
BRF:9
BRH:3
end_of_record
TN:
SF:src/app/Authorization/SessionTokenDBAccess.ts
FN:8,(anonymous_7)
FN:13,(anonymous_8)
FN:14,(anonymous_10)
FN:15,(anonymous_11)
FN:25,(anonymous_12)
FN:26,(anonymous_14)
FN:27,(anonymous_15)
FN:40,(anonymous_16)
FN:41,(anonymous_18)
FN:42,(anonymous_19)
FNF:10
FNH:4
FNDA:2,(anonymous_7)
FNDA:2,(anonymous_8)
FNDA:2,(anonymous_10)
FNDA:2,(anonymous_11)
FNDA:0,(anonymous_12)
FNDA:0,(anonymous_14)
FNDA:0,(anonymous_15)
FNDA:0,(anonymous_16)
FNDA:0,(anonymous_18)
FNDA:0,(anonymous_19)
DA:2,3
DA:4,3
DA:9,2
DA:10,2
DA:14,2
DA:15,2
DA:16,2
DA:17,1
DA:19,1
DA:26,0
DA:27,0
DA:28,0
DA:29,0
DA:31,0
DA:32,0
DA:34,0
DA:41,0
DA:42,0
DA:43,0
DA:44,0
DA:46,0
DA:47,0
DA:49,0
LF:23
LH:9
BRDA:8,0,0,0
BRDA:16,1,0,1
BRDA:16,1,1,1
BRDA:28,2,0,0
BRDA:28,2,1,0
BRDA:31,3,0,0
BRDA:31,3,1,0
BRDA:43,4,0,0
BRDA:43,4,1,0
BRDA:46,5,0,0
BRDA:46,5,1,0
BRF:11
BRH:2
end_of_record
TN:
SF:src/app/Authorization/UserCredentialsDbAccess.ts
FN:8,(anonymous_7)
FN:13,(anonymous_8)
FN:14,(anonymous_10)
FN:15,(anonymous_11)
FN:25,(anonymous_12)
FN:26,(anonymous_14)
FN:27,(anonymous_15)
FNF:7
FNH:0
FNDA:0,(anonymous_7)
FNDA:0,(anonymous_8)
FNDA:0,(anonymous_10)
FNDA:0,(anonymous_11)
FNDA:0,(anonymous_12)
FNDA:0,(anonymous_14)
FNDA:0,(anonymous_15)
DA:1,2
DA:4,2
DA:9,0
DA:10,0
DA:14,0
DA:15,0
DA:16,0
DA:17,0
DA:19,0
DA:26,0
DA:27,0
DA:28,0
DA:29,0
DA:31,0
DA:32,0
DA:34,0
LF:16
LH:2
BRDA:8,0,0,0
BRDA:16,1,0,0
BRDA:16,1,1,0
BRDA:28,2,0,0
BRDA:28,2,1,0
BRDA:31,3,0,0
BRDA:31,3,1,0
BRF:7
BRH:0
end_of_record
TN:
SF:src/app/Data/UsersDBAccess.ts
FN:8,(anonymous_7)
FN:13,(anonymous_8)
FN:14,(anonymous_10)
FN:15,(anonymous_11)
FN:25,(anonymous_12)
FN:27,(anonymous_14)
FN:28,(anonymous_15)
FNF:7
FNH:1
FNDA:3,(anonymous_7)
FNDA:0,(anonymous_8)
FNDA:0,(anonymous_10)
FNDA:0,(anonymous_11)
FNDA:0,(anonymous_12)
FNDA:0,(anonymous_14)
FNDA:0,(anonymous_15)
DA:1,1
DA:4,1
DA:9,3
DA:10,3
DA:14,0
DA:15,0
DA:16,0
DA:17,0
DA:19,0
DA:26,0
DA:27,0
DA:28,0
DA:29,0
DA:30,0
DA:32,0
LF:15
LH:4
BRDA:8,0,0,3
BRDA:16,1,0,0
BRDA:16,1,1,0
BRDA:29,2,0,0
BRDA:29,2,1,0
BRF:5
BRH:1
end_of_record
TN:
SF:src/app/Handlers/DataHandler.ts
FN:13,(anonymous_7)
FN:20,(anonymous_8)
FN:33,(anonymous_10)
FN:37,(anonymous_12)
FN:60,(anonymous_14)
FNF:5
FNH:0
FNDA:0,(anonymous_7)
FNDA:0,(anonymous_8)
FNDA:0,(anonymous_10)
FNDA:0,(anonymous_12)
FNDA:0,(anonymous_14)
DA:2,1
DA:3,1
DA:6,1
DA:14,0
DA:15,0
DA:16,0
DA:17,0
DA:21,0
DA:23,0
DA:24,0
DA:26,0
DA:27,0
DA:29,0
DA:34,0
DA:38,0
DA:39,0
DA:40,0
DA:41,0
DA:42,0
DA:43,0
DA:44,0
DA:45,0
DA:47,0
DA:48,0
DA:51,0
DA:52,0
DA:55,0
DA:56,0
DA:61,0
DA:62,0
DA:63,0
DA:64,0
DA:65,0
DA:67,0
DA:70,0
LF:35
LH:3
BRDA:21,0,0,0
BRDA:21,0,1,0
BRDA:21,0,2,0
BRDA:40,1,0,0
BRDA:40,1,1,0
BRDA:42,2,0,0
BRDA:42,2,1,0
BRDA:62,3,0,0
BRDA:62,3,1,0
BRDA:64,4,0,0
BRDA:64,4,1,0
BRF:11
BRH:0
end_of_record
TN:
SF:src/app/Handlers/LoginHandler.ts
FN:12,(anonymous_7)
FN:18,(anonymous_8)
FN:31,(anonymous_10)
FN:35,(anonymous_12)
FNF:4
FNH:4
FNDA:5,(anonymous_7)
FNDA:5,(anonymous_8)
FNDA:1,(anonymous_10)
FNDA:3,(anonymous_12)
DA:3,2
DA:4,2
DA:6,2
DA:13,5
DA:14,5
DA:15,5
DA:19,5
DA:21,1
DA:22,1
DA:24,3
DA:25,3
DA:27,1
DA:32,1
DA:36,3
DA:37,3
DA:38,2
DA:39,2
DA:40,1
DA:41,1
DA:42,1
DA:44,1
DA:45,1
DA:48,1
DA:49,1
LF:24
LH:24
BRDA:19,0,0,1
BRDA:19,0,1,3
BRDA:19,0,2,1
BRDA:39,1,0,1
BRDA:39,1,1,1
BRF:5
BRH:5
end_of_record
TN:
SF:src/app/Models/ServerModels.ts
FN:21,(anonymous_0)
FN:27,(anonymous_1)
FN:51,(anonymous_2)
FN:60,(anonymous_3)
FNF:4
FNH:4
FNDA:5,(anonymous_0)
FNDA:5,(anonymous_1)
FNDA:5,(anonymous_2)
FNDA:5,(anonymous_3)
DA:21,5
DA:22,5
DA:23,5
DA:24,5
DA:27,5
DA:28,5
DA:29,5
DA:30,5
DA:31,5
DA:51,5
DA:52,5
DA:53,5
DA:54,5
DA:55,5
DA:56,5
DA:57,5
DA:60,5
DA:61,5
DA:62,5
DA:63,5
DA:64,5
DA:65,5
LF:22
LH:22
BRDA:21,0,0,5
BRDA:21,0,1,5
BRDA:27,1,0,5
BRDA:27,1,1,5
BRDA:51,2,0,5
BRDA:51,2,1,5
BRDA:60,3,0,5
BRDA:60,3,1,5
BRF:8
BRH:8
end_of_record
TN:
SF:src/app/Server/Server.ts
FN:8,(anonymous_7)
FN:13,(anonymous_8)
FN:14,(anonymous_9)
FN:14,(anonymous_10)
FN:32,(anonymous_11)
FNF:5
FNH:5
FNDA:3,(anonymous_7)
FNDA:3,(anonymous_8)
FNDA:3,(anonymous_9)
FNDA:3,(anonymous_10)
FNDA:3,(anonymous_11)
DA:1,1
DA:2,1
DA:3,1
DA:4,1
DA:5,1
DA:6,1
DA:8,1
DA:10,3
DA:11,3
DA:14,3
DA:15,3
DA:16,3
DA:17,3
DA:19,1
DA:20,1
DA:22,1
DA:23,1
DA:25,1
DA:27,3
DA:29,3
DA:33,3
DA:34,3
DA:35,3
LF:23
LH:23
BRDA:17,0,0,1
BRDA:17,0,1,1
BRDA:17,0,2,1
BRF:3
BRH:3
end_of_record
TN:
SF:src/app/Utils/Utils.ts
FN:8,(anonymous_7)
FN:17,(anonymous_8)
FN:31,(anonymous_9)
FN:32,(anonymous_11)
FN:34,(anonymous_12)
FN:37,(anonymous_13)
FN:44,(anonymous_14)
FNF:7
FNH:2
FNDA:4,(anonymous_7)
FNDA:6,(anonymous_8)
FNDA:0,(anonymous_9)
FNDA:0,(anonymous_11)
FNDA:0,(anonymous_12)
FNDA:0,(anonymous_13)
FNDA:0,(anonymous_14)
DA:1,5
DA:5,5
DA:9,4
DA:10,0
DA:13,4
DA:18,6
DA:19,6
DA:20,4
DA:21,4
DA:22,4
DA:24,0
DA:27,2
DA:32,0
DA:33,0
DA:34,0
DA:35,0
DA:37,0
DA:38,0
DA:39,0
DA:41,0
DA:44,0
DA:45,0
LF:22
LH:10
BRDA:9,0,0,0
BRDA:19,1,0,4
BRDA:19,1,1,2
BRDA:21,2,0,4
BRDA:21,2,1,0
BRF:5
BRH:3
end_of_record
